[INFO  - 2015-03-27T15:14:37.761Z] GhostDriver - Main - running on port 15259
[INFO  - 2015-03-27T15:14:42.028Z] Session [fe540e00-d493-11e4-b8ab-bb93817c15b0] - page.settings - {"XSSAuditingEnabled":false,"javascriptCanCloseWindows":true,"javascriptCanOpenWindows":true,"javascriptEnabled":true,"loadImages":true,"localToRemoteUrlAccessEnabled":false,"userAgent":"Mozilla/5.0 (Windows NT 6.1) AppleWebKit/534.34 (KHTML, like Gecko) PhantomJS/1.9.7 Safari/534.34","webSecurityEnabled":true}
[INFO  - 2015-03-27T15:14:42.029Z] Session [fe540e00-d493-11e4-b8ab-bb93817c15b0] - page.customHeaders:  - {}
[INFO  - 2015-03-27T15:14:42.029Z] Session [fe540e00-d493-11e4-b8ab-bb93817c15b0] - Session.negotiatedCapabilities - {"browserName":"phantomjs","version":"1.9.7","driverName":"ghostdriver","driverVersion":"1.1.0","platform":"windows-7-32bit","javascriptEnabled":true,"takesScreenshot":true,"handlesAlerts":false,"databaseEnabled":false,"locationContextEnabled":false,"applicationCacheEnabled":false,"browserConnectionEnabled":false,"cssSelectorsEnabled":true,"webStorageEnabled":false,"rotatable":false,"acceptSslCerts":false,"nativeEvents":true,"proxy":{"proxyType":"direct"}}
[INFO  - 2015-03-27T15:14:42.029Z] SessionManagerReqHand - _postNewSessionCommand - New Session Created: fe540e00-d493-11e4-b8ab-bb93817c15b0
[ERROR - 2015-03-27T15:15:40.137Z] WebElementLocator - _handleLocateCommand - Element(s) NOT Found: GAVE UP. Search Stop Time: 1427469340112
[INFO  - 2015-03-27T15:15:41.162Z] ShutdownReqHand - _handle - About to shutdown
[INFO  - 2015-03-27T16:42:19.937Z] GhostDriver - Main - running on port 12862
[INFO  - 2015-03-27T16:42:21.186Z] Session [3d08f2d0-d4a0-11e4-bfb1-4d823652b772] - page.settings - {"XSSAuditingEnabled":false,"javascriptCanCloseWindows":true,"javascriptCanOpenWindows":true,"javascriptEnabled":true,"loadImages":true,"localToRemoteUrlAccessEnabled":false,"userAgent":"Mozilla/5.0 (Windows NT 6.1) AppleWebKit/534.34 (KHTML, like Gecko) PhantomJS/1.9.7 Safari/534.34","webSecurityEnabled":true}
[INFO  - 2015-03-27T16:42:21.186Z] Session [3d08f2d0-d4a0-11e4-bfb1-4d823652b772] - page.customHeaders:  - {}
[INFO  - 2015-03-27T16:42:21.186Z] Session [3d08f2d0-d4a0-11e4-bfb1-4d823652b772] - Session.negotiatedCapabilities - {"browserName":"phantomjs","version":"1.9.7","driverName":"ghostdriver","driverVersion":"1.1.0","platform":"windows-7-32bit","javascriptEnabled":true,"takesScreenshot":true,"handlesAlerts":false,"databaseEnabled":false,"locationContextEnabled":false,"applicationCacheEnabled":false,"browserConnectionEnabled":false,"cssSelectorsEnabled":true,"webStorageEnabled":false,"rotatable":false,"acceptSslCerts":false,"nativeEvents":true,"proxy":{"proxyType":"direct"}}
[INFO  - 2015-03-27T16:42:21.187Z] SessionManagerReqHand - _postNewSessionCommand - New Session Created: 3d08f2d0-d4a0-11e4-bfb1-4d823652b772
[ERROR - 2015-03-27T16:43:16.462Z] WebElementLocator - _handleLocateCommand - Element(s) NOT Found: GAVE UP. Search Stop Time: 1427474596408
[INFO  - 2015-03-27T16:43:17.242Z] ShutdownReqHand - _handle - About to shutdown
[INFO  - 2015-03-27T16:44:43.767Z] GhostDriver - Main - running on port 36433
[INFO  - 2015-03-27T16:44:44.903Z] Session [92b24510-d4a0-11e4-adfa-b1ac67ff313d] - page.settings - {"XSSAuditingEnabled":false,"javascriptCanCloseWindows":true,"javascriptCanOpenWindows":true,"javascriptEnabled":true,"loadImages":true,"localToRemoteUrlAccessEnabled":false,"userAgent":"Mozilla/5.0 (Windows NT 6.1) AppleWebKit/534.34 (KHTML, like Gecko) PhantomJS/1.9.7 Safari/534.34","webSecurityEnabled":true}
[INFO  - 2015-03-27T16:44:44.903Z] Session [92b24510-d4a0-11e4-adfa-b1ac67ff313d] - page.customHeaders:  - {}
[INFO  - 2015-03-27T16:44:44.904Z] Session [92b24510-d4a0-11e4-adfa-b1ac67ff313d] - Session.negotiatedCapabilities - {"browserName":"phantomjs","version":"1.9.7","driverName":"ghostdriver","driverVersion":"1.1.0","platform":"windows-7-32bit","javascriptEnabled":true,"takesScreenshot":true,"handlesAlerts":false,"databaseEnabled":false,"locationContextEnabled":false,"applicationCacheEnabled":false,"browserConnectionEnabled":false,"cssSelectorsEnabled":true,"webStorageEnabled":false,"rotatable":false,"acceptSslCerts":false,"nativeEvents":true,"proxy":{"proxyType":"direct"}}
[INFO  - 2015-03-27T16:44:44.904Z] SessionManagerReqHand - _postNewSessionCommand - New Session Created: 92b24510-d4a0-11e4-adfa-b1ac67ff313d
[INFO  - 2015-03-27T16:44:59.000Z] ShutdownReqHand - _handle - About to shutdown
[INFO  - 2015-03-27T16:47:21.072Z] GhostDriver - Main - running on port 18726
[INFO  - 2015-03-27T16:47:21.889Z] Session [f0433630-d4a0-11e4-bb4d-57d5490cc849] - page.settings - {"XSSAuditingEnabled":false,"javascriptCanCloseWindows":true,"javascriptCanOpenWindows":true,"javascriptEnabled":true,"loadImages":true,"localToRemoteUrlAccessEnabled":false,"userAgent":"Mozilla/5.0 (Windows NT 6.1) AppleWebKit/534.34 (KHTML, like Gecko) PhantomJS/1.9.7 Safari/534.34","webSecurityEnabled":true}
[INFO  - 2015-03-27T16:47:21.890Z] Session [f0433630-d4a0-11e4-bb4d-57d5490cc849] - page.customHeaders:  - {}
[INFO  - 2015-03-27T16:47:21.890Z] Session [f0433630-d4a0-11e4-bb4d-57d5490cc849] - Session.negotiatedCapabilities - {"browserName":"phantomjs","version":"1.9.7","driverName":"ghostdriver","driverVersion":"1.1.0","platform":"windows-7-32bit","javascriptEnabled":true,"takesScreenshot":true,"handlesAlerts":false,"databaseEnabled":false,"locationContextEnabled":false,"applicationCacheEnabled":false,"browserConnectionEnabled":false,"cssSelectorsEnabled":true,"webStorageEnabled":false,"rotatable":false,"acceptSslCerts":false,"nativeEvents":true,"proxy":{"proxyType":"direct"}}
[INFO  - 2015-03-27T16:47:21.890Z] SessionManagerReqHand - _postNewSessionCommand - New Session Created: f0433630-d4a0-11e4-bb4d-57d5490cc849
[INFO  - 2015-03-27T16:47:34.975Z] ShutdownReqHand - _handle - About to shutdown
[INFO  - 2015-03-27T16:49:15.489Z] GhostDriver - Main - running on port 33625
[INFO  - 2015-03-27T16:49:16.248Z] Session [346e3b20-d4a1-11e4-99ed-ef0a1295d185] - page.settings - {"XSSAuditingEnabled":false,"javascriptCanCloseWindows":true,"javascriptCanOpenWindows":true,"javascriptEnabled":true,"loadImages":true,"localToRemoteUrlAccessEnabled":false,"userAgent":"Mozilla/5.0 (Windows NT 6.1) AppleWebKit/534.34 (KHTML, like Gecko) PhantomJS/1.9.7 Safari/534.34","webSecurityEnabled":true}
[INFO  - 2015-03-27T16:49:16.248Z] Session [346e3b20-d4a1-11e4-99ed-ef0a1295d185] - page.customHeaders:  - {}
[INFO  - 2015-03-27T16:49:16.248Z] Session [346e3b20-d4a1-11e4-99ed-ef0a1295d185] - Session.negotiatedCapabilities - {"browserName":"phantomjs","version":"1.9.7","driverName":"ghostdriver","driverVersion":"1.1.0","platform":"windows-7-32bit","javascriptEnabled":true,"takesScreenshot":true,"handlesAlerts":false,"databaseEnabled":false,"locationContextEnabled":false,"applicationCacheEnabled":false,"browserConnectionEnabled":false,"cssSelectorsEnabled":true,"webStorageEnabled":false,"rotatable":false,"acceptSslCerts":false,"nativeEvents":true,"proxy":{"proxyType":"direct"}}
[INFO  - 2015-03-27T16:49:16.248Z] SessionManagerReqHand - _postNewSessionCommand - New Session Created: 346e3b20-d4a1-11e4-99ed-ef0a1295d185
[INFO  - 2015-03-27T16:49:33.517Z] ShutdownReqHand - _handle - About to shutdown
